<?xml version="1.0" encoding="UTF-8"?>
<!-- Generated by org.testng.reporters.JUnitReportReporter -->
<testsuite skipped="0" hostname="RadiniDasana" name="com.CountDown.TestData.LoginTestCase1" tests="1" failures="0" timestamp="04 Feb 2019 20:33:26 GMT" time="50.049" errors="0">
  <testcase name="LoginTest" time="50.049" classname="com.CountDown.TestData.LoginTestCase1"/>
</testsuite> <!-- com.CountDown.TestData.LoginTestCase1 -->
