<?xml version="1.0" encoding="UTF-8"?>
<!-- Generated by org.testng.reporters.JUnitReportReporter -->
<testsuite skipped="2" hostname="RadiniDasana" name="com.CountDown.TestCases.SaveTrollyTestCase" tests="2" failures="0" timestamp="12 Feb 2019 00:14:47 GMT" time="0.000" errors="0">
  <testcase name="LoginTest" time="0.000" classname="com.CountDown.TestCases.SaveTrollyTestCase">
    <skipped/>
  </testcase> <!-- LoginTest -->
  <testcase name="SaveTrollyTestCase" time="0.000" classname="com.CountDown.TestCases.SaveTrollyTestCase">
    <skipped/>
  </testcase> <!-- SaveTrollyTestCase -->
</testsuite> <!-- com.CountDown.TestCases.SaveTrollyTestCase -->
