<?xml version="1.0" encoding="UTF-8"?>
<!-- Generated by org.testng.reporters.JUnitReportReporter -->
<testsuite skipped="0" hostname="RadiniDasana" name="com.CountDown.TestCases.LoginTestCase1" tests="1" failures="0" timestamp="12 Feb 2019 00:14:47 GMT" time="79.603" errors="0">
  <testcase name="LoginTest" time="79.603" classname="com.CountDown.TestCases.LoginTestCase1"/>
</testsuite> <!-- com.CountDown.TestCases.LoginTestCase1 -->
